Using pre-set license

 COMMAND LINE ARGUMENTS:
/Applications/Unity/Hub/Editor/2020.3.6f1/Unity.app/Contents/MacOS/Unity
-adb2
-batchMode
-noUpm
-name
AssetImportWorker0
-projectPath
/Users/mac/Downloads/angagu_app/unity/AngaguAR
-logFile
Logs/AssetImportWorker0.log
-srvPort
59015
Successfully changed project path to: /Users/mac/Downloads/angagu_app/unity/AngaguAR
/Users/mac/Downloads/angagu_app/unity/AngaguAR
Using Asset Import Pipeline V2.
Refreshing native plugins compatible for Editor in 248.18 ms, found 1 plugins.
Preloading 0 native plugins for Editor in 0.00 ms.
Initialize engine version: 2020.3.6f1 (338bb68529b2)
[Subsystems] Discovering subsystems at path /Applications/Unity/Hub/Editor/2020.3.6f1/Unity.app/Contents/Resources/UnitySubsystems
[Subsystems] Discovering subsystems at path /Users/mac/Downloads/angagu_app/unity/AngaguAR/Assets
GfxDevice: creating device client; threaded=0
2021-05-10 04:32:39.163 Unity[46411:1122209] Color LCD preferred device: Intel(R) Iris(TM) Graphics 6100 (low power)
2021-05-10 04:32:39.163 Unity[46411:1122209] Metal devices available: 1
2021-05-10 04:32:39.163 Unity[46411:1122209] 0: Intel(R) Iris(TM) Graphics 6100 (low power)
2021-05-10 04:32:39.164 Unity[46411:1122209] Using device Intel(R) Iris(TM) Graphics 6100 (low power)
Initializing Metal device caps: Intel(R) Iris(TM) Graphics 6100
Initialize mono
Mono path[0] = '/Applications/Unity/Hub/Editor/2020.3.6f1/Unity.app/Contents/Managed'
Mono path[1] = '/Applications/Unity/Hub/Editor/2020.3.6f1/Unity.app/Contents/MonoBleedingEdge/lib/mono/unityjit'
Mono config path = '/Applications/Unity/Hub/Editor/2020.3.6f1/Unity.app/Contents/MonoBleedingEdge/etc'
Using monoOptions --debugger-agent=transport=dt_socket,embedding=1,server=y,suspend=n,address=127.0.0.1:56411
Begin MonoManager ReloadAssembly
Registering precompiled unity dll's ...
Register platform support module: /Applications/Unity/Hub/Editor/2020.3.6f1/PlaybackEngines/WebGLSupport/UnityEditor.WebGL.Extensions.dll
Register platform support module: /Applications/Unity/Hub/Editor/2020.3.6f1/Unity.app/Contents/PlaybackEngines/MacStandaloneSupport/UnityEditor.OSXStandalone.Extensions.dll
Registered in 0.002165 seconds.
Native extension for OSXStandalone target not found
Native extension for WebGL target not found
Refreshing native plugins compatible for Editor in 34.48 ms, found 1 plugins.
Preloading 0 native plugins for Editor in 0.00 ms.
Mono: successfully reloaded assembly
- Completed reload, in  6.232 seconds
Platform modules already initialized, skipping
Registering precompiled user dll's ...
Registered in 0.000678 seconds.
Begin MonoManager ReloadAssembly
Native extension for OSXStandalone target not found
Native extension for WebGL target not found
Refreshing native plugins compatible for Editor in 0.35 ms, found 1 plugins.
Preloading 0 native plugins for Editor in 0.00 ms.
Mono: successfully reloaded assembly
- Completed reload, in  1.777 seconds
Platform modules already initialized, skipping
========================================================================
Worker process is ready to serve import requests
Launching external process: /Applications/Unity/Hub/Editor/2020.3.6f1/Unity.app/Contents/Tools/UnityShaderCompiler
Launched and connected shader compiler UnityShaderCompiler after 0.03 seconds
Refreshing native plugins compatible for Editor in 0.34 ms, found 1 plugins.
Preloading 0 native plugins for Editor in 0.00 ms.
Unloading 1470 Unused Serialized files (Serialized files now loaded: 0)
System memory in use before: 126.5 MB.
System memory in use after: 126.5 MB.

Unloading 13 unused Assets to reduce memory usage. Loaded Objects now: 1912.
Total: 5.168079 ms (FindLiveObjects: 0.584177 ms CreateObjectMapping: 0.235631 ms MarkObjects: 4.217921 ms  DeleteObjects: 0.128492 ms)

========================================================================
Received Import Request.
  path: Assets/Scripts/Editor/Build.cs
  artifactKey: Guid(793201cf024e949a187b36d6fe5482a8) Importer(815301076,1909f56bfc062723c751e8b465ee728b)
Start importing Assets/Scripts/Editor/Build.cs using Guid(793201cf024e949a187b36d6fe5482a8) Importer(815301076,1909f56bfc062723c751e8b465ee728b)  -> (artifact id: '2d805ee57753fe3a85be6e4ec6d9f181') in 0.426088 seconds
  Import took 0.429837 seconds .

========================================================================
Received Prepare
Registering precompiled user dll's ...
Registered in 0.000839 seconds.
Begin MonoManager ReloadAssembly
Native extension for OSXStandalone target not found
Native extension for WebGL target not found
Refreshing native plugins compatible for Editor in 0.34 ms, found 1 plugins.
Preloading 0 native plugins for Editor in 0.00 ms.
Mono: successfully reloaded assembly
- Completed reload, in  1.945 seconds
Platform modules already initialized, skipping
Switching build target platform(2) subTarget(0) extendedPlatform(0) -> platform(13) subTarget(589824) extendedPlatform(0)
Refreshing native plugins compatible for Editor in 0.40 ms, found 1 plugins.
Preloading 0 native plugins for Editor in 0.00 ms.
Unloading 1464 Unused Serialized files (Serialized files now loaded: 0)
System memory in use before: 130.4 MB.
System memory in use after: 130.4 MB.

Unloading 8 unused Assets to reduce memory usage. Loaded Objects now: 1916.
Total: 5.089182 ms (FindLiveObjects: 1.351626 ms CreateObjectMapping: 0.342294 ms MarkObjects: 3.286263 ms  DeleteObjects: 0.106143 ms)

AssetImportParameters requested are different than current active one (requested -> active):
  custom:graphics/normal-map-encoding: 01000000000000000000000000000000 -> 02000000000000000000000000000000
========================================================================
Received Import Request.
  Time since last request: 10.956703 seconds.
  path: Assets/Scripts/Editor/Build.cs
  artifactKey: Guid(793201cf024e949a187b36d6fe5482a8) Importer(815301076,1909f56bfc062723c751e8b465ee728b)
Start importing Assets/Scripts/Editor/Build.cs using Guid(793201cf024e949a187b36d6fe5482a8) Importer(815301076,1909f56bfc062723c751e8b465ee728b)  -> (artifact id: 'ac2a101d116ab27c6d07e3635d56ecb4') in 0.016307 seconds
  Import took 0.022648 seconds .

========================================================================
Received Prepare
Refreshing native plugins compatible for Editor in 3.45 ms, found 1 plugins.
Preloading 0 native plugins for Editor in 0.00 ms.
Unloading 5 Unused Serialized files (Serialized files now loaded: 0)
System memory in use before: 101.8 MB.
System memory in use after: 101.9 MB.

Unloading 4 unused Assets to reduce memory usage. Loaded Objects now: 1917.
Total: 2.720231 ms (FindLiveObjects: 0.354578 ms CreateObjectMapping: 0.089066 ms MarkObjects: 2.212314 ms  DeleteObjects: 0.062107 ms)

========================================================================
Received Import Request.
  Time since last request: 1481.746173 seconds.
  path: Assets/Plugins/Android
  artifactKey: Guid(bb13aca193b6c488189ec54a6ccbb9ac) Importer(815301076,1909f56bfc062723c751e8b465ee728b)
Start importing Assets/Plugins/Android using Guid(bb13aca193b6c488189ec54a6ccbb9ac) Importer(815301076,1909f56bfc062723c751e8b465ee728b)  -> (artifact id: '30fbc8b440799c79f1d94b4a41eb29a7') in 0.002348 seconds
  Import took 0.008408 seconds .

========================================================================
Received Import Request.
  Time since last request: 0.001118 seconds.
  path: Assets/Plugins/Android
  artifactKey: Guid(bb13aca193b6c488189ec54a6ccbb9ac) Importer(815301076,1909f56bfc062723c751e8b465ee728b)
Start importing Assets/Plugins/Android using Guid(bb13aca193b6c488189ec54a6ccbb9ac) Importer(815301076,1909f56bfc062723c751e8b465ee728b)  -> (artifact id: '30fbc8b440799c79f1d94b4a41eb29a7') in 0.006816 seconds
  Import took 0.018484 seconds .

========================================================================
Received Import Request.
  Time since last request: 0.846323 seconds.
  path: Assets/Plugins/Android/gradleTemplate.properties.DISABLED
  artifactKey: Guid(3fed3abeaa43a435799be89eb68135b3) Importer(815301076,1909f56bfc062723c751e8b465ee728b)
Start importing Assets/Plugins/Android/gradleTemplate.properties.DISABLED using Guid(3fed3abeaa43a435799be89eb68135b3) Importer(815301076,1909f56bfc062723c751e8b465ee728b)  -> (artifact id: 'd719938ca1514e8f7bc06d0302450a66') in 1.444868 seconds
  Import took 1.451655 seconds .

========================================================================
Received Import Request.
  Time since last request: 3.482196 seconds.
  path: Assets/Plugins/Android/launcherTemplate.gradle.DISABLED
  artifactKey: Guid(345e594fae0844217a9b5dde6cba5a19) Importer(815301076,1909f56bfc062723c751e8b465ee728b)
Start importing Assets/Plugins/Android/launcherTemplate.gradle.DISABLED using Guid(345e594fae0844217a9b5dde6cba5a19) Importer(815301076,1909f56bfc062723c751e8b465ee728b)  -> (artifact id: '9a9e393dce5bb224ac87e248d3c39cce') in 0.005647 seconds
  Import took 0.010625 seconds .

========================================================================
Received Import Request.
  Time since last request: 1.888072 seconds.
  path: Assets/Plugins/Android/mainTemplate.gradle
  artifactKey: Guid(e46097ade04d64f4fb829a6404a51b74) Importer(815301076,1909f56bfc062723c751e8b465ee728b)
Start importing Assets/Plugins/Android/mainTemplate.gradle using Guid(e46097ade04d64f4fb829a6404a51b74) Importer(815301076,1909f56bfc062723c751e8b465ee728b)  -> (artifact id: 'e5693b9197732981c5fd918b3d0024e0') in 0.533267 seconds
  Import took 0.538690 seconds .

========================================================================
Received Import Request.
  Time since last request: 0.575942 seconds.
  path: Assets/Plugins/Android/baseProjectTemplate.gradle.DISABLED
  artifactKey: Guid(1847e6a9d9c9d4d55a1d0597d4f442c6) Importer(815301076,1909f56bfc062723c751e8b465ee728b)
Start importing Assets/Plugins/Android/baseProjectTemplate.gradle.DISABLED using Guid(1847e6a9d9c9d4d55a1d0597d4f442c6) Importer(815301076,1909f56bfc062723c751e8b465ee728b)  -> (artifact id: 'adf2ce25e2255b1cea9ee2539890615a') in 0.007136 seconds
  Import took 0.015501 seconds .

========================================================================
Received Import Request.
  Time since last request: 1563.044720 seconds.
  path: Assets/Scenes
  artifactKey: Guid(9b92d3b82e9374b28872ee92f78df390) Importer(815301076,1909f56bfc062723c751e8b465ee728b)
Start importing Assets/Scenes using Guid(9b92d3b82e9374b28872ee92f78df390) Importer(815301076,1909f56bfc062723c751e8b465ee728b)  -> (artifact id: '70ed14f89c828b5bc81cf296aef630f9') in 0.002022 seconds
  Import took 0.010795 seconds .

========================================================================
Received Import Request.
  Time since last request: 4.870291 seconds.
  path: Assets/Scripts/UnityMessageManager.cs
  artifactKey: Guid(c8985e9f06c4b2c46a214534be4386d4) Importer(815301076,1909f56bfc062723c751e8b465ee728b)
Start importing Assets/Scripts/UnityMessageManager.cs using Guid(c8985e9f06c4b2c46a214534be4386d4) Importer(815301076,1909f56bfc062723c751e8b465ee728b)  -> (artifact id: 'f38fcd6454e65724b69c9634675e6745') in 0.004893 seconds
  Import took 0.009204 seconds .

========================================================================
Received Import Request.
  Time since last request: 0.000765 seconds.
  path: Assets/Scripts/UnityMessageManager.cs
  artifactKey: Guid(c8985e9f06c4b2c46a214534be4386d4) Importer(815301076,1909f56bfc062723c751e8b465ee728b)
Start importing Assets/Scripts/UnityMessageManager.cs using Guid(c8985e9f06c4b2c46a214534be4386d4) Importer(815301076,1909f56bfc062723c751e8b465ee728b)  -> (artifact id: 'f38fcd6454e65724b69c9634675e6745') in 0.021098 seconds
  Import took 0.026882 seconds .

AssetImportWorkerClient::OnTransportError - code=2 error=End of file
