Using pre-set license

 COMMAND LINE ARGUMENTS:
/Applications/Unity/Hub/Editor/2020.3.6f1/Unity.app/Contents/MacOS/Unity
-adb2
-batchMode
-noUpm
-name
AssetImportWorker0
-projectPath
/Users/mac/Downloads/angagu_app/unity/AngaguAR
-logFile
Logs/AssetImportWorker0.log
-srvPort
49674
Successfully changed project path to: /Users/mac/Downloads/angagu_app/unity/AngaguAR
/Users/mac/Downloads/angagu_app/unity/AngaguAR
Using Asset Import Pipeline V2.
Refreshing native plugins compatible for Editor in 37.48 ms, found 1 plugins.
Preloading 0 native plugins for Editor in 0.00 ms.
Initialize engine version: 2020.3.6f1 (338bb68529b2)
[Subsystems] Discovering subsystems at path /Applications/Unity/Hub/Editor/2020.3.6f1/Unity.app/Contents/Resources/UnitySubsystems
[Subsystems] Discovering subsystems at path /Users/mac/Downloads/angagu_app/unity/AngaguAR/Assets
GfxDevice: creating device client; threaded=0
2021-05-13 06:24:49.877 Unity[15354:515228] Color LCD preferred device: Intel(R) Iris(TM) Graphics 6100 (low power)
2021-05-13 06:24:49.877 Unity[15354:515228] Metal devices available: 1
2021-05-13 06:24:49.877 Unity[15354:515228] 0: Intel(R) Iris(TM) Graphics 6100 (low power)
2021-05-13 06:24:49.878 Unity[15354:515228] Using device Intel(R) Iris(TM) Graphics 6100 (low power)
Initializing Metal device caps: Intel(R) Iris(TM) Graphics 6100
Initialize mono
Mono path[0] = '/Applications/Unity/Hub/Editor/2020.3.6f1/Unity.app/Contents/Managed'
Mono path[1] = '/Applications/Unity/Hub/Editor/2020.3.6f1/Unity.app/Contents/MonoBleedingEdge/lib/mono/unityjit'
Mono config path = '/Applications/Unity/Hub/Editor/2020.3.6f1/Unity.app/Contents/MonoBleedingEdge/etc'
Using monoOptions --debugger-agent=transport=dt_socket,embedding=1,server=y,suspend=n,address=127.0.0.1:56354
Begin MonoManager ReloadAssembly
Registering precompiled unity dll's ...
Register platform support module: /Applications/Unity/Hub/Editor/2020.3.6f1/PlaybackEngines/WebGLSupport/UnityEditor.WebGL.Extensions.dll
Register platform support module: /Applications/Unity/Hub/Editor/2020.3.6f1/Unity.app/Contents/PlaybackEngines/MacStandaloneSupport/UnityEditor.OSXStandalone.Extensions.dll
Registered in 0.000881 seconds.
Native extension for OSXStandalone target not found
Native extension for WebGL target not found
Refreshing native plugins compatible for Editor in 31.32 ms, found 1 plugins.
Preloading 0 native plugins for Editor in 0.00 ms.
Mono: successfully reloaded assembly
- Completed reload, in  4.893 seconds
Platform modules already initialized, skipping
Registering precompiled user dll's ...
Registered in 0.000782 seconds.
Begin MonoManager ReloadAssembly
Native extension for OSXStandalone target not found
Native extension for WebGL target not found
Refreshing native plugins compatible for Editor in 0.33 ms, found 1 plugins.
Preloading 0 native plugins for Editor in 0.00 ms.
Mono: successfully reloaded assembly
- Completed reload, in  1.237 seconds
Platform modules already initialized, skipping
========================================================================
Worker process is ready to serve import requests
Launching external process: /Applications/Unity/Hub/Editor/2020.3.6f1/Unity.app/Contents/Tools/UnityShaderCompiler
Launched and connected shader compiler UnityShaderCompiler after 0.03 seconds
Refreshing native plugins compatible for Editor in 0.38 ms, found 1 plugins.
Preloading 0 native plugins for Editor in 0.00 ms.
Unloading 1470 Unused Serialized files (Serialized files now loaded: 0)
System memory in use before: 125.9 MB.
System memory in use after: 125.9 MB.

Unloading 13 unused Assets to reduce memory usage. Loaded Objects now: 1912.
Total: 2.663242 ms (FindLiveObjects: 0.339526 ms CreateObjectMapping: 0.082794 ms MarkObjects: 2.128607 ms  DeleteObjects: 0.110645 ms)

========================================================================
Received Prepare
Refreshing native plugins compatible for Editor in 1.43 ms, found 1 plugins.
Preloading 0 native plugins for Editor in 0.00 ms.
Unloading 5 Unused Serialized files (Serialized files now loaded: 0)
System memory in use before: 96.4 MB.
System memory in use after: 96.5 MB.

Unloading 5 unused Assets to reduce memory usage. Loaded Objects now: 1912.
Total: 2.543930 ms (FindLiveObjects: 0.354768 ms CreateObjectMapping: 0.159612 ms MarkObjects: 1.931793 ms  DeleteObjects: 0.095464 ms)

========================================================================
Received Prepare
Refreshing native plugins compatible for Editor in 1.52 ms, found 1 plugins.
Preloading 0 native plugins for Editor in 0.00 ms.
Unloading 5 Unused Serialized files (Serialized files now loaded: 0)
System memory in use before: 96.5 MB.
System memory in use after: 96.5 MB.

Unloading 5 unused Assets to reduce memory usage. Loaded Objects now: 1912.
Total: 5.275677 ms (FindLiveObjects: 0.317004 ms CreateObjectMapping: 0.104109 ms MarkObjects: 4.762741 ms  DeleteObjects: 0.089324 ms)

========================================================================
Received Prepare
Refreshing native plugins compatible for Editor in 2.23 ms, found 1 plugins.
Preloading 0 native plugins for Editor in 0.00 ms.
Unloading 5 Unused Serialized files (Serialized files now loaded: 0)
System memory in use before: 96.5 MB.
System memory in use after: 96.6 MB.

Unloading 5 unused Assets to reduce memory usage. Loaded Objects now: 1912.
Total: 3.495389 ms (FindLiveObjects: 0.638627 ms CreateObjectMapping: 0.240846 ms MarkObjects: 2.495278 ms  DeleteObjects: 0.118070 ms)

========================================================================
Received Prepare
Refreshing native plugins compatible for Editor in 4.07 ms, found 1 plugins.
Preloading 0 native plugins for Editor in 0.00 ms.
Unloading 5 Unused Serialized files (Serialized files now loaded: 0)
System memory in use before: 96.5 MB.
System memory in use after: 96.6 MB.

Unloading 5 unused Assets to reduce memory usage. Loaded Objects now: 1912.
Total: 2.173618 ms (FindLiveObjects: 0.282710 ms CreateObjectMapping: 0.086515 ms MarkObjects: 1.735289 ms  DeleteObjects: 0.066355 ms)

========================================================================
Received Prepare
Refreshing native plugins compatible for Editor in 0.72 ms, found 1 plugins.
Preloading 0 native plugins for Editor in 0.00 ms.
Unloading 5 Unused Serialized files (Serialized files now loaded: 0)
System memory in use before: 96.6 MB.
System memory in use after: 96.6 MB.

Unloading 5 unused Assets to reduce memory usage. Loaded Objects now: 1912.
Total: 3.100881 ms (FindLiveObjects: 0.329729 ms CreateObjectMapping: 0.239927 ms MarkObjects: 2.437316 ms  DeleteObjects: 0.090975 ms)

========================================================================
Received Prepare
Refreshing native plugins compatible for Editor in 0.80 ms, found 1 plugins.
Preloading 0 native plugins for Editor in 0.00 ms.
Unloading 5 Unused Serialized files (Serialized files now loaded: 0)
System memory in use before: 96.6 MB.
System memory in use after: 96.7 MB.

Unloading 5 unused Assets to reduce memory usage. Loaded Objects now: 1912.
Total: 2.498048 ms (FindLiveObjects: 0.254247 ms CreateObjectMapping: 0.044560 ms MarkObjects: 2.123562 ms  DeleteObjects: 0.073707 ms)

========================================================================
Received Prepare
Refreshing native plugins compatible for Editor in 1.69 ms, found 1 plugins.
Preloading 0 native plugins for Editor in 0.00 ms.
Unloading 5 Unused Serialized files (Serialized files now loaded: 0)
System memory in use before: 96.8 MB.
System memory in use after: 96.8 MB.

Unloading 5 unused Assets to reduce memory usage. Loaded Objects now: 1912.
Total: 26.785915 ms (FindLiveObjects: 1.144926 ms CreateObjectMapping: 0.079371 ms MarkObjects: 25.399578 ms  DeleteObjects: 0.158655 ms)

